Fatal Python error: init_stdio_encoding: failed to get the Python codec name of the stdio encoding
Python runtime state: core initialized
LookupError: unknown encoding: UTF-8;PYTHONUTF8=1

Current thread 0x0000234c (most recent call first):
  <no Python frame>
Fatal Python error: init_stdio_encoding: failed to get the Python codec name of the stdio encoding
Python runtime state: core initialized
LookupError: unknown encoding: UTF-8;PYTHONUTF8=1

Current thread 0x00002cc4 (most recent call first):
  <no Python frame>
Fatal Python error: init_stdio_encoding: failed to get the Python codec name of the stdio encoding
Python runtime state: core initialized
LookupError: unknown encoding: UTF-8;PYTHONUTF8=1

Current thread 0x00000f08 (most recent call first):
  <no Python frame>
Fatal Python error: init_stdio_encoding: failed to get the Python codec name of the stdio encoding
Python runtime state: core initialized
LookupError: unknown encoding: UTF-8;PYTHONUTF8=1

Current thread 0x00002b90 (most recent call first):
  <no Python frame>
Fatal Python error: init_stdio_encoding: failed to get the Python codec name of the stdio encoding
Python runtime state: core initialized
LookupError: unknown encoding: UTF-8;PYTHONUTF8=1

Current thread 0x000028c0 (most recent call first):
  <no Python frame>
Fatal Python error: init_stdio_encoding: failed to get the Python codec name of the stdio encoding
Python runtime state: core initialized
LookupError: unknown encoding: UTF-8;PYTHONUTF8=1

Current thread 0x00002ce8 (most recent call first):
  <no Python frame>
Fatal Python error: init_stdio_encoding: failed to get the Python codec name of the stdio encoding
Python runtime state: core initialized
LookupError: unknown encoding: UTF-8;PYTHONUTF8=1

Current thread 0x0000108c (most recent call first):
  <no Python frame>
INFO:waitress:Serving on http://0.0.0.0:10000
WARNING:waitress.queue:Task queue depth is 1
WARNING:waitress.queue:Task queue depth is 2
WARNING:waitress.queue:Task queue depth is 3
WARNING:waitress.queue:Task queue depth is 1
WARNING:waitress.queue:Task queue depth is 1
WARNING:waitress.queue:Task queue depth is 2
WARNING:waitress.queue:Task queue depth is 1
INFO:waitress:Serving on http://0.0.0.0:10000
INFO:waitress:Serving on http://0.0.0.0:10000
WARNING:waitress.queue:Task queue depth is 1
WARNING:waitress.queue:Task queue depth is 1
WARNING:waitress.queue:Task queue depth is 1
WARNING:waitress.queue:Task queue depth is 2
WARNING:waitress.queue:Task queue depth is 1
WARNING:waitress.queue:Task queue depth is 1
WARNING:waitress.queue:Task queue depth is 1
WARNING:waitress.queue:Task queue depth is 1
WARNING:waitress.queue:Task queue depth is 1
WARNING:waitress.queue:Task queue depth is 1
WARNING:waitress.queue:Task queue depth is 1
WARNING:waitress.queue:Task queue depth is 1
WARNING:waitress.queue:Task queue depth is 2
WARNING:waitress.queue:Task queue depth is 3
WARNING:waitress.queue:Task queue depth is 3
WARNING:waitress.queue:Task queue depth is 1
WARNING:waitress.queue:Task queue depth is 2
WARNING:waitress.queue:Task queue depth is 1
WARNING:waitress.queue:Task queue depth is 1
WARNING:waitress.queue:Task queue depth is 2
WARNING:waitress.queue:Task queue depth is 1
WARNING:waitress.queue:Task queue depth is 2
WARNING:waitress.queue:Task queue depth is 3
WARNING:waitress.queue:Task queue depth is 1
WARNING:waitress.queue:Task queue depth is 2
WARNING:waitress.queue:Task queue depth is 3
WARNING:waitress.queue:Task queue depth is 4
WARNING:waitress.queue:Task queue depth is 5
WARNING:waitress.queue:Task queue depth is 6
WARNING:waitress.queue:Task queue depth is 7
WARNING:waitress.queue:Task queue depth is 8
WARNING:waitress.queue:Task queue depth is 9
